Arguments: 
  /usr/local/bin/node /usr/local/Cellar/yarn/1.22.5/libexec/bin/yarn.js add dotenv

PATH: 
  /Users/deepakkhatri/.pyenv/shims:/Users/deepakkhatri/.rbenv/shims:/Applications/Postgres.app/Contents/Versions/latest/bin:/usr/local/opt/llvm/bin:/usr/local/opt/openssl@1.1/bin:/usr/local/bin:/usr/bin:/bin:/usr/sbin:/sbin:/Users/deepakkhatri/.pyenv/shims:/Users/deepakkhatri/.rbenv/shims:/Applications/Postgres.app/Contents/Versions/latest/bin:/usr/local/opt/llvm/bin:/usr/local/opt/openssl@1.1/bin

Yarn version: 
  1.22.5

Node version: 
  12.18.4

Platform: 
  darwin x64

Trace: 
  SyntaxError: /Users/deepakkhatri/Documents/workspace/learning-js/iteratively/package.json: Unexpected end of JSON input
      at JSON.parse (<anonymous>)
      at /usr/local/Cellar/yarn/1.22.5/libexec/lib/cli.js:1625:59
      at Generator.next (<anonymous>)
      at step (/usr/local/Cellar/yarn/1.22.5/libexec/lib/cli.js:310:30)
      at /usr/local/Cellar/yarn/1.22.5/libexec/lib/cli.js:321:13

npm manifest: 
  

yarn manifest: 
  No manifest

Lockfile: 
  No lockfile
